timestamp: 2012-03-12T18:13:07.328000
CREATE TABLE auth_user(
    id INTEGER PRIMARY KEY AUTOINCREMENT,
    first_name CHAR(128),
    last_name CHAR(128),
    email CHAR(128) UNIQUE,
    password CHAR(512),
    Skills TEXT,
    Items TEXT,
    registration_key CHAR(512),
    reset_password_key CHAR(512),
    registration_id CHAR(512)
);
success!
timestamp: 2012-03-12T18:13:07.609000
CREATE TABLE auth_group(
    id INTEGER PRIMARY KEY AUTOINCREMENT,
    role CHAR(512),
    description TEXT
);
success!
timestamp: 2012-03-12T18:13:07.781000
CREATE TABLE auth_membership(
    id INTEGER PRIMARY KEY AUTOINCREMENT,
    user_id INTEGER REFERENCES auth_user(id) ON DELETE CASCADE,
    group_id INTEGER REFERENCES auth_group(id) ON DELETE CASCADE
);
success!
timestamp: 2012-03-12T18:13:07.906000
CREATE TABLE auth_permission(
    id INTEGER PRIMARY KEY AUTOINCREMENT,
    group_id INTEGER REFERENCES auth_group(id) ON DELETE CASCADE,
    name CHAR(512),
    table_name CHAR(512),
    record_id INTEGER
);
success!
timestamp: 2012-03-12T18:13:08.031000
CREATE TABLE auth_event(
    id INTEGER PRIMARY KEY AUTOINCREMENT,
    time_stamp TIMESTAMP,
    client_ip CHAR(512),
    user_id INTEGER REFERENCES auth_user(id) ON DELETE CASCADE,
    origin CHAR(512),
    description TEXT
);
success!
timestamp: 2012-03-12T18:13:08.109000
CREATE TABLE auth_cas(
    id INTEGER PRIMARY KEY AUTOINCREMENT,
    user_id INTEGER REFERENCES auth_user(id) ON DELETE CASCADE,
    created_on TIMESTAMP,
    service CHAR(512),
    ticket CHAR(512),
    renew CHAR(1)
);
success!
timestamp: 2012-03-12T18:14:22.031000
CREATE TABLE Skill(
    id INTEGER PRIMARY KEY AUTOINCREMENT,
    Nom CHAR(512) UNIQUE
);
success!
timestamp: 2012-03-12T18:14:22.156000
CREATE TABLE Item(
    id INTEGER PRIMARY KEY AUTOINCREMENT,
    Nom CHAR(512) UNIQUE
);
success!
timestamp: 2012-03-12T18:14:22.296000
CREATE TABLE SkillUser(
    id INTEGER PRIMARY KEY AUTOINCREMENT,
    Skill INTEGER REFERENCES Skill(id) ON DELETE CASCADE,
    User INTEGER REFERENCES auth_user(id) ON DELETE CASCADE,
    Niveau INTEGER
);
success!
timestamp: 2012-03-12T18:15:13.421000
CREATE TABLE SkillDemande(
    id INTEGER PRIMARY KEY AUTOINCREMENT,
    Skill INTEGER REFERENCES Skill(id) ON DELETE CASCADE,
    Niveau INTEGER
);
success!
timestamp: 2012-03-12T18:15:45.171000
CREATE TABLE Demande(
    id INTEGER PRIMARY KEY AUTOINCREMENT,
    Topic CHAR(512) UNIQUE,
    Texte CHAR(512),
    Skills TEXT,
    Items TEXT,
    auth_user INTEGER REFERENCES auth_user(id) ON DELETE CASCADE
);
success!
timestamp: 2012-03-12T18:15:45.296000
CREATE TABLE Popup(
    id INTEGER PRIMARY KEY AUTOINCREMENT,
    Demande INTEGER REFERENCES Demande(id) ON DELETE CASCADE,
    User INTEGER REFERENCES auth_user(id) ON DELETE CASCADE
);
success!
timestamp: 2012-03-12T18:15:45.421000
CREATE TABLE Suggestion(
    id INTEGER PRIMARY KEY AUTOINCREMENT,
    Topic CHAR(512) UNIQUE,
    Texte CHAR(512),
    Skills TEXT,
    Items TEXT,
    auth_user INTEGER REFERENCES auth_user(id) ON DELETE CASCADE
);
success!
timestamp: 2012-03-13T04:57:22.619000
CREATE TABLE Invitation(
    id INTEGER PRIMARY KEY AUTOINCREMENT,
    Code CHAR(512) UNIQUE
);
success!
timestamp: 2012-03-14T15:43:03.609000
CREATE TABLE web2py_session_init(
    id INTEGER PRIMARY KEY AUTOINCREMENT,
    locked CHAR(1),
    client_ip CHAR(64),
    created_datetime TIMESTAMP,
    modified_datetime TIMESTAMP,
    unique_key CHAR(64),
    session_data BLOB
);
success!
timestamp: 2012-03-14T16:08:37.609000
CREATE TABLE Father(
    id INTEGER PRIMARY KEY AUTOINCREMENT,
    father INTEGER REFERENCES auth_user(id) ON DELETE CASCADE,
    sons TEXT
);
success!
timestamp: 2012-03-14T16:08:37.687000
CREATE TABLE Son(
    id INTEGER PRIMARY KEY AUTOINCREMENT,
    father INTEGER REFERENCES auth_user(id) ON DELETE CASCADE,
    sons INTEGER REFERENCES auth_user(id) ON DELETE CASCADE
);
success!
timestamp: 2012-03-14T16:08:37.937000
CREATE TABLE Usage_Db(
    id INTEGER PRIMARY KEY AUTOINCREMENT,
    Nom CHAR(512) UNIQUE
);
success!
timestamp: 2012-03-14T16:08:38.046000
ALTER TABLE Invitation ADD usage INTEGER REFERENCES Usage_Db(id) ON DELETE CASCADE;
timestamp: 2012-03-14T19:51:14.998000
ALTER TABLE Invitation ADD receveur INTEGER REFERENCES auth_user(id) ON DELETE CASCADE;
timestamp: 2012-03-14T19:51:15.111000
ALTER TABLE Invitation ADD donneur INTEGER REFERENCES auth_user(id) ON DELETE CASCADE;
timestamp: 2012-03-14T19:51:15.119000
ALTER TABLE Invitation ADD used CHAR(1);
timestamp: 2012-03-14T19:51:15.218000
CREATE TABLE Tip(
    id INTEGER PRIMARY KEY AUTOINCREMENT,
    Texte CHAR(512),
    User INTEGER REFERENCES auth_user(id) ON DELETE CASCADE,
    Validation CHAR(1)
);
success!
timestamp: 2012-03-22T17:09:30.125000
CREATE TABLE SkillUse(
    id INTEGER PRIMARY KEY AUTOINCREMENT,
    Skill INTEGER REFERENCES Skill(id) ON DELETE CASCADE,
    Niveau INTEGER
);
success!
timestamp: 2012-03-22T17:09:30.343000
ALTER TABLE SkillUser ADD skilluse INTEGER REFERENCES SkillUse(id) ON DELETE CASCADE;
timestamp: 2012-03-22T17:12:45.765000
ALTER TABLE Invitation ADD email CHAR(512);
timestamp: 2012-03-23T10:25:13.169000
ALTER TABLE auth_user ADD surnom CHAR(128);
timestamp: 2012-03-24T15:59:28.855000
ALTER TABLE Item ADD skilluse INTEGER REFERENCES SkillUse(id) ON DELETE CASCADE;
